<?xml version="1.0" encoding="UTF-8"?>
<!-- Generated by org.testng.reporters.JUnitReportReporter -->
<testsuite skipped="0" hostname="DESKTOP-940SP72" name="com.test.ApplicationTest" tests="1" failures="0" timestamp="20 Nov 2019 15:30:32 GMT" time="23.387" errors="0">
  <testcase name="searchAndSelectFood" time="23.387" classname="com.test.ApplicationTest"/>
</testsuite> <!-- com.test.ApplicationTest -->
