<?xml version="1.0" encoding="UTF-8"?>
<!-- Generated by org.testng.reporters.JUnitReportReporter -->
<testsuite skipped="0" hostname="DESKTOP-940SP72" name="com.test.ApplicationTest" tests="1" failures="0" timestamp="10 Nov 2019 07:12:13 GMT" time="5.684" errors="0">
  <testcase name="searchFood" time="5.684" classname="com.test.ApplicationTest"/>
</testsuite> <!-- com.test.ApplicationTest -->
